F:\ROBOTTEACHING\DEBUG\ROBOTTEACHING.EXE
F:\ROBOTTEACHING\DEBUG\ROBOTTEACHING.ILK
F:\ROBOTTEACHING\DEBUG\ROBOTTEACHING.PDB
F:\RobotTeaching\RobotTeaching\Debug\cl.command.1.tlog
F:\RobotTeaching\RobotTeaching\Debug\CL.read.1.tlog
F:\RobotTeaching\RobotTeaching\Debug\CL.write.1.tlog
F:\ROBOTTEACHING\ROBOTTEACHING\DEBUG\INVERSE_KINE.OBJ
F:\RobotTeaching\RobotTeaching\Debug\link.command.1.tlog
F:\RobotTeaching\RobotTeaching\Debug\link.read.1.tlog
F:\RobotTeaching\RobotTeaching\Debug\link.write.1.tlog
F:\RobotTeaching\RobotTeaching\Debug\link-cvtres.read.1.tlog
F:\RobotTeaching\RobotTeaching\Debug\link-cvtres.write.1.tlog
F:\RobotTeaching\RobotTeaching\Debug\mt.command.1.tlog
F:\RobotTeaching\RobotTeaching\Debug\mt.read.1.tlog
F:\RobotTeaching\RobotTeaching\Debug\mt.write.1.tlog
F:\RobotTeaching\RobotTeaching\Debug\rc.command.1.tlog
F:\RobotTeaching\RobotTeaching\Debug\rc.read.1.tlog
F:\RobotTeaching\RobotTeaching\Debug\rc.write.1.tlog
F:\ROBOTTEACHING\ROBOTTEACHING\DEBUG\ROBOTTEACHING.EXE.EMBED.MANIFEST
F:\ROBOTTEACHING\ROBOTTEACHING\DEBUG\ROBOTTEACHING.EXE.EMBED.MANIFEST.RES
F:\ROBOTTEACHING\ROBOTTEACHING\DEBUG\ROBOTTEACHING.EXE.INTERMEDIATE.MANIFEST
F:\ROBOTTEACHING\ROBOTTEACHING\DEBUG\ROBOTTEACHING.OBJ
F:\ROBOTTEACHING\ROBOTTEACHING\DEBUG\ROBOTTEACHING.PCH
F:\ROBOTTEACHING\ROBOTTEACHING\DEBUG\ROBOTTEACHING.RES
F:\RobotTeaching\RobotTeaching\Debug\RobotTeaching.vcxprojResolveAssemblyReference.cache
F:\RobotTeaching\RobotTeaching\Debug\RobotTeaching.write.1.tlog
F:\RobotTeaching\RobotTeaching\Debug\RobotTeaching_manifest.rc
F:\ROBOTTEACHING\ROBOTTEACHING\DEBUG\ROBOTTEACHINGDLG.OBJ
F:\ROBOTTEACHING\ROBOTTEACHING\DEBUG\STDAFX.OBJ
F:\RobotTeaching\RobotTeaching\Debug\vc100.idb
F:\ROBOTTEACHING\ROBOTTEACHING\DEBUG\VC100.PDB
